This is pdfTeX, Version 3.14159265-2.6-1.40.19 (MiKTeX 2.9.6840 64-bit) (preloaded format=pdflatex 2018.11.15)  15 DEC 2018 16:38
entering extended mode
**./LADRIERE_Rapport_PCSN.tex
(LADRIERE_Rapport_PCSN.tex
LaTeX2e <2018-04-01> patch level 5
(C:\Users\alexa\OneDrive\Bureau\Latex\tex\latex\base\article.cls
Document Class: article 2014/09/29 v1.4h Standard LaTeX document class
(C:\Users\alexa\OneDrive\Bureau\Latex\tex\latex\base\size12.clo
File: size12.clo 2014/09/29 v1.4h Standard LaTeX file (size option)
)
\c@part=\count80
\c@section=\count81
\c@subsection=\count82
\c@subsubsection=\count83
\c@paragraph=\count84
\c@subparagraph=\count85
\c@figure=\count86
\c@table=\count87
\abovecaptionskip=\skip41
\belowcaptionskip=\skip42
\bibindent=\dimen102
)
(C:\Users\alexa\OneDrive\Bureau\Latex\tex\latex\base\inputenc.sty
Package: inputenc 2018/04/06 v1.3b Input encoding file
\inpenc@prehook=\toks14
\inpenc@posthook=\toks15
)
(C:\Users\alexa\OneDrive\Bureau\Latex\tex\latex\base\fontenc.sty
Package: fontenc 2017/04/05 v2.0i Standard LaTeX package

(C:\Users\alexa\OneDrive\Bureau\Latex\tex\latex\base\t1enc.def
File: t1enc.def 2017/04/05 v2.0i Standard LaTeX file
LaTeX Font Info:    Redeclaring font encoding T1 on input line 48.
))
(C:\Users\alexa\OneDrive\Bureau\Latex\tex\generic\babel\babel.sty
Package: babel 2018/09/26 3.24 The Babel package

(C:\Users\alexa\OneDrive\Bureau\Latex\tex\generic\babel\switch.def
File: switch.def 2018/09/26 3.24 Babel switching mechanism
)
*************************************
* Local config file bblopts.cfg used
*
(C:\Users\alexa\OneDrive\Bureau\Latex\tex\latex\arabi\bblopts.cfg
File: bblopts.cfg 2005/09/08 v0.1 add Arabic and Farsi to "declared" options of
 babel
)
(C:\Users\alexa\OneDrive\Bureau\Latex\tex\generic\babel-french\french.ldf
Language: french 2018/09/14 v3.5c French support from the babel system

(C:\Users\alexa\OneDrive\Bureau\Latex\tex\generic\babel\babel.def
File: babel.def 2018/09/26 3.24 Babel common definitions
\babel@savecnt=\count88
\U@D=\dimen103

(C:\Users\alexa\OneDrive\Bureau\Latex\tex\generic\babel\txtbabel.def)
\bbl@dirlevel=\count89
)
\l@acadian = a dialect from \language\l@french 
\FB@nonchar=\count90
Package babel Info: Making : an active character on input line 414.
Package babel Info: Making ; an active character on input line 415.
Package babel Info: Making ! an active character on input line 416.
Package babel Info: Making ? an active character on input line 417.
\FBguill@level=\count91
\FBold@everypar=\toks16
\FB@Mht=\dimen104
\mc@charclass=\count92
\mc@charfam=\count93
\mc@charslot=\count94
\std@mcc=\count95
\dec@mcc=\count96
\c@FBcaption@count=\count97
\listindentFB=\dimen105
\descindentFB=\dimen106
\labelindentFB=\dimen107
\labelwidthFB=\dimen108
\leftmarginFB=\dimen109
\parindentFFN=\dimen110
\FBfnindent=\dimen111
))
(C:\Users\alexa\OneDrive\Bureau\Latex\tex\latex\carlisle\scalefnt.sty)
(C:\Users\alexa\OneDrive\Bureau\Latex\tex\latex\graphics\keyval.sty
Package: keyval 2014/10/28 v1.15 key=value parser (DPC)
\KV@toks@=\toks17
)
(C:\Users\alexa\OneDrive\Bureau\Latex\tex\latex\geometry\geometry.sty
Package: geometry 2018/04/16 v5.8 Page Geometry

(C:\Users\alexa\OneDrive\Bureau\Latex\tex\generic\oberdiek\ifpdf.sty
Package: ifpdf 2018/09/07 v3.3 Provides the ifpdf switch
)
(C:\Users\alexa\OneDrive\Bureau\Latex\tex\generic\oberdiek\ifvtex.sty
Package: ifvtex 2016/05/16 v1.6 Detect VTeX and its facilities (HO)
Package ifvtex Info: VTeX not detected.
)
(C:\Users\alexa\OneDrive\Bureau\Latex\tex\generic\ifxetex\ifxetex.sty
Package: ifxetex 2010/09/12 v0.6 Provides ifxetex conditional
)
\Gm@cnth=\count98
\Gm@cntv=\count99
\c@Gm@tempcnt=\count100
\Gm@bindingoffset=\dimen112
\Gm@wd@mp=\dimen113
\Gm@odd@mp=\dimen114
\Gm@even@mp=\dimen115
\Gm@layoutwidth=\dimen116
\Gm@layoutheight=\dimen117
\Gm@layouthoffset=\dimen118
\Gm@layoutvoffset=\dimen119
\Gm@dimlist=\toks18

(C:\Users\alexa\OneDrive\Bureau\Latex\tex\latex\geometry\geometry.cfg))
(C:\Users\alexa\OneDrive\Bureau\Latex\tex\latex\setspace\setspace.sty
Package: setspace 2011/12/19 v6.7a set line spacing
)
(C:\Users\alexa\OneDrive\Bureau\Latex\tex\latex\graphics\graphicx.sty
Package: graphicx 2017/06/01 v1.1a Enhanced LaTeX Graphics (DPC,SPQR)

(C:\Users\alexa\OneDrive\Bureau\Latex\tex\latex\graphics\graphics.sty
Package: graphics 2017/06/25 v1.2c Standard LaTeX Graphics (DPC,SPQR)

(C:\Users\alexa\OneDrive\Bureau\Latex\tex\latex\graphics\trig.sty
Package: trig 2016/01/03 v1.10 sin cos tan (DPC)
)
(C:\Users\alexa\OneDrive\Bureau\Latex\tex\latex\graphics-cfg\graphics.cfg
File: graphics.cfg 2016/06/04 v1.11 sample graphics configuration
)
Package graphics Info: Driver file: pdftex.def on input line 99.

(C:\Users\alexa\OneDrive\Bureau\Latex\tex\latex\graphics-def\pdftex.def
File: pdftex.def 2018/01/08 v1.0l Graphics/color driver for pdftex
))
\Gin@req@height=\dimen120
\Gin@req@width=\dimen121
)
(C:\Users\alexa\OneDrive\Bureau\Latex\tex\latex\tools\verbatim.sty
Package: verbatim 2014/10/28 v1.5q LaTeX2e package for verbatim enhancements
\every@verbatim=\toks19
\verbatim@line=\toks20
\verbatim@in@stream=\read1
)
(C:\Users\alexa\OneDrive\Bureau\Latex\tex\latex\fancyhdr\fancyhdr.sty
Package: fancyhdr 2017/06/30 v3.9a Extensive control of page headers and footer
s
\f@nch@headwidth=\skip43
\f@nch@O@elh=\skip44
\f@nch@O@erh=\skip45
\f@nch@O@olh=\skip46
\f@nch@O@orh=\skip47
\f@nch@O@elf=\skip48
\f@nch@O@erf=\skip49
\f@nch@O@olf=\skip50
\f@nch@O@orf=\skip51
)
(C:\Users\alexa\OneDrive\Bureau\Latex\tex\latex\amsmath\amsmath.sty
Package: amsmath 2017/09/02 v2.17a AMS math features
\@mathmargin=\skip52

For additional information on amsmath, use the `?' option.
(C:\Users\alexa\OneDrive\Bureau\Latex\tex\latex\amsmath\amstext.sty
Package: amstext 2000/06/29 v2.01 AMS text

(C:\Users\alexa\OneDrive\Bureau\Latex\tex\latex\amsmath\amsgen.sty
File: amsgen.sty 1999/11/30 v2.0 generic functions
\@emptytoks=\toks21
\ex@=\dimen122
))
(C:\Users\alexa\OneDrive\Bureau\Latex\tex\latex\amsmath\amsbsy.sty
Package: amsbsy 1999/11/29 v1.2d Bold Symbols
\pmbraise@=\dimen123
)
(C:\Users\alexa\OneDrive\Bureau\Latex\tex\latex\amsmath\amsopn.sty
Package: amsopn 2016/03/08 v2.02 operator names
)
\inf@bad=\count101
LaTeX Info: Redefining \frac on input line 213.
\uproot@=\count102
\leftroot@=\count103
LaTeX Info: Redefining \overline on input line 375.
\classnum@=\count104
\DOTSCASE@=\count105
LaTeX Info: Redefining \ldots on input line 472.
LaTeX Info: Redefining \dots on input line 475.
LaTeX Info: Redefining \cdots on input line 596.
\Mathstrutbox@=\box26
\strutbox@=\box27
\big@size=\dimen124
LaTeX Font Info:    Redeclaring font encoding OML on input line 712.
LaTeX Font Info:    Redeclaring font encoding OMS on input line 713.
\macc@depth=\count106
\c@MaxMatrixCols=\count107
\dotsspace@=\muskip10
\c@parentequation=\count108
\dspbrk@lvl=\count109
\tag@help=\toks22
\row@=\count110
\column@=\count111
\maxfields@=\count112
\andhelp@=\toks23
\eqnshift@=\dimen125
\alignsep@=\dimen126
\tagshift@=\dimen127
\tagwidth@=\dimen128
\totwidth@=\dimen129
\lineht@=\dimen130
\@envbody=\toks24
\multlinegap=\skip53
\multlinetaggap=\skip54
\mathdisplay@stack=\toks25
LaTeX Info: Redefining \[ on input line 2817.
LaTeX Info: Redefining \] on input line 2818.
)
(C:\Users\alexa\OneDrive\Bureau\Latex\tex\latex\amsfonts\amssymb.sty
Package: amssymb 2013/01/14 v3.01 AMS font symbols

(C:\Users\alexa\OneDrive\Bureau\Latex\tex\latex\amsfonts\amsfonts.sty
Package: amsfonts 2013/01/14 v3.01 Basic AMSFonts support
\symAMSa=\mathgroup4
\symAMSb=\mathgroup5
LaTeX Font Info:    Overwriting math alphabet `\mathfrak' in version `bold'
(Font)                  U/euf/m/n --> U/euf/b/n on input line 106.
))
(C:\Users\alexa\OneDrive\Bureau\Latex\tex\latex\jknappen\mathrsfs.sty
Package: mathrsfs 1996/01/01 Math RSFS package v1.0 (jk)
\symrsfs=\mathgroup6
)
(C:\Users\alexa\OneDrive\Bureau\Latex\tex\latex\lastpage\lastpage.sty
Package: lastpage 2015/03/29 v1.2m Refers to last page's name (HMM; JPG)
)
(C:\Users\alexa\OneDrive\Bureau\Latex\tex\latex\float\float.sty
Package: float 2001/11/08 v1.3d Float enhancements (AL)
\c@float@type=\count113
\float@exts=\toks26
\float@box=\box28
\@float@everytoks=\toks27
\@floatcapt=\box29
)
(C:\Users\alexa\OneDrive\Bureau\Latex\tex\latex\listings\listings.sty
\lst@mode=\count114
\lst@gtempboxa=\box30
\lst@token=\toks28
\lst@length=\count115
\lst@currlwidth=\dimen131
\lst@column=\count116
\lst@pos=\count117
\lst@lostspace=\dimen132
\lst@width=\dimen133
\lst@newlines=\count118
\lst@lineno=\count119
\lst@maxwidth=\dimen134

(C:\Users\alexa\OneDrive\Bureau\Latex\tex\latex\listings\lstmisc.sty
File: lstmisc.sty 2018/09/02 1.7 (Carsten Heinz)
\c@lstnumber=\count120
\lst@skipnumbers=\count121
\lst@framebox=\box31
)
(C:\Users\alexa\OneDrive\Bureau\Latex\tex\latex\listings\listings.cfg
File: listings.cfg 2018/09/02 1.7 listings configuration
))
Package: listings 2018/09/02 1.7 (Carsten Heinz)

(C:\Users\alexa\OneDrive\Bureau\Latex\tex\latex\listings\lstlang1.sty
File: lstlang1.sty 2018/09/02 1.7 listings language file
)
(LADRIERE_Rapport_PCSN.aux

LaTeX Warning: Label `InvAES algorigramme' multiply defined.


LaTeX Warning: Label `InvAESRoundEntity' multiply defined.

)
\openout1 = `LADRIERE_Rapport_PCSN.aux'.

LaTeX Font Info:    Checking defaults for OML/cmm/m/it on input line 57.
LaTeX Font Info:    ... okay on input line 57.
LaTeX Font Info:    Checking defaults for T1/cmr/m/n on input line 57.
LaTeX Font Info:    ... okay on input line 57.
LaTeX Font Info:    Checking defaults for OT1/cmr/m/n on input line 57.
LaTeX Font Info:    ... okay on input line 57.
LaTeX Font Info:    Checking defaults for OMS/cmsy/m/n on input line 57.
LaTeX Font Info:    ... okay on input line 57.
LaTeX Font Info:    Checking defaults for OMX/cmex/m/n on input line 57.
LaTeX Font Info:    ... okay on input line 57.
LaTeX Font Info:    Checking defaults for U/cmr/m/n on input line 57.
LaTeX Font Info:    ... okay on input line 57.
LaTeX Info: Redefining \degres on input line 57.
LaTeX Info: Redefining \dots on input line 57.
LaTeX Info: Redefining \up on input line 57.

*geometry* driver: auto-detecting
*geometry* detected driver: pdftex
*geometry* verbose mode - [ preamble ] result:
* driver: pdftex
* paper: a4paper
* layout: <same size as paper>
* layoutoffset:(h,v)=(0.0pt,0.0pt)
* modes: 
* h-part:(L,W,R)=(71.13188pt, 455.24411pt, 71.13188pt)
* v-part:(T,H,B)=(85.35826pt, 674.33032pt, 85.35826pt)
* \paperwidth=597.50787pt
* \paperheight=845.04684pt
* \textwidth=455.24411pt
* \textheight=674.33032pt
* \oddsidemargin=-1.1381pt
* \evensidemargin=-1.1381pt
* \topmargin=-23.91173pt
* \headheight=12.0pt
* \headsep=25.0pt
* \topskip=12.0pt
* \footskip=30.0pt
* \marginparwidth=35.0pt
* \marginparsep=10.0pt
* \columnsep=10.0pt
* \skip\footins=10.8pt plus 4.0pt minus 2.0pt
* \hoffset=0.0pt
* \voffset=0.0pt
* \mag=1000
* \@twocolumnfalse
* \@twosidefalse
* \@mparswitchfalse
* \@reversemarginfalse
* (1in=72.27pt=25.4mm, 1cm=28.453pt)

(C:\Users\alexa\OneDrive\Bureau\Latex\tex\context\base\supp-pdf.mkii
[Loading MPS to PDF converter (version 2006.09.02).]
\scratchcounter=\count122
\scratchdimen=\dimen135
\scratchbox=\box32
\nofMPsegments=\count123
\nofMParguments=\count124
\everyMPshowfont=\toks29
\MPscratchCnt=\count125
\MPscratchDim=\dimen136
\MPnumerator=\count126
\makeMPintoPDFobject=\count127
\everyMPtoPDFconversion=\toks30
) (C:\Users\alexa\OneDrive\Bureau\Latex\tex\latex\oberdiek\epstopdf-base.sty
Package: epstopdf-base 2016/05/15 v2.6 Base part for package epstopdf

(C:\Users\alexa\OneDrive\Bureau\Latex\tex\generic\oberdiek\infwarerr.sty
Package: infwarerr 2016/05/16 v1.4 Providing info/warning/error messages (HO)
)
(C:\Users\alexa\OneDrive\Bureau\Latex\tex\latex\oberdiek\grfext.sty
Package: grfext 2016/05/16 v1.2 Manage graphics extensions (HO)

(C:\Users\alexa\OneDrive\Bureau\Latex\tex\generic\oberdiek\kvdefinekeys.sty
Package: kvdefinekeys 2016/05/16 v1.4 Define keys (HO)

(C:\Users\alexa\OneDrive\Bureau\Latex\tex\generic\oberdiek\ltxcmds.sty
Package: ltxcmds 2016/05/16 v1.23 LaTeX kernel commands for general use (HO)
)))
(C:\Users\alexa\OneDrive\Bureau\Latex\tex\latex\oberdiek\kvoptions.sty
Package: kvoptions 2016/05/16 v3.12 Key value format for package options (HO)

(C:\Users\alexa\OneDrive\Bureau\Latex\tex\generic\oberdiek\kvsetkeys.sty
Package: kvsetkeys 2016/05/16 v1.17 Key value parser (HO)

(C:\Users\alexa\OneDrive\Bureau\Latex\tex\generic\oberdiek\etexcmds.sty
Package: etexcmds 2016/05/16 v1.6 Avoid name clashes with e-TeX commands (HO)

(C:\Users\alexa\OneDrive\Bureau\Latex\tex\generic\oberdiek\ifluatex.sty
Package: ifluatex 2016/05/16 v1.4 Provides the ifluatex switch (HO)
Package ifluatex Info: LuaTeX not detected.
)
Package etexcmds Info: Could not find \expanded.
(etexcmds)             That can mean that you are not using pdfTeX 1.50 or
(etexcmds)             that some package has redefined \expanded.
(etexcmds)             In the latter case, load this package earlier.
)))
(C:\Users\alexa\OneDrive\Bureau\Latex\tex\generic\oberdiek\pdftexcmds.sty
Package: pdftexcmds 2018/09/10 v0.29 Utility functions of pdfTeX for LuaTeX (HO
)
Package pdftexcmds Info: LuaTeX not detected.
Package pdftexcmds Info: \pdf@primitive is available.
Package pdftexcmds Info: \pdf@ifprimitive is available.
Package pdftexcmds Info: \pdfdraftmode found.
)
Package epstopdf-base Info: Redefining graphics rule for `.eps' on input line 4
38.
Package grfext Info: Graphics extension search list:
(grfext)             [.pdf,.png,.jpg,.mps,.jpeg,.jbig2,.jb2,.PDF,.PNG,.JPG,.JPE
G,.JBIG2,.JB2,.eps]
(grfext)             \AppendGraphicsExtensions on input line 456.
)
Package lastpage Info: Please have a look at the pageslts package at
(lastpage)             https://www.ctan.org/pkg/pageslts
(lastpage)             ! on input line 57.
\c@lstlisting=\count128
<Images/emse_new.png, id=1, 752.8125pt x 264.99pt>
File: Images/emse_new.png Graphic file (type png)
<use Images/emse_new.png>
Package pdftex.def Info: Images/emse_new.png  used on input line 61.
(pdftex.def)             Requested size: 376.40532pt x 132.49467pt.
LaTeX Font Info:    Try loading font information for U+msa on input line 65.

(C:\Users\alexa\OneDrive\Bureau\Latex\tex\latex\amsfonts\umsa.fd
File: umsa.fd 2013/01/14 v3.01 AMS symbols A
)
LaTeX Font Info:    Try loading font information for U+msb on input line 65.

(C:\Users\alexa\OneDrive\Bureau\Latex\tex\latex\amsfonts\umsb.fd
File: umsb.fd 2013/01/14 v3.01 AMS symbols B
)
LaTeX Font Info:    Try loading font information for U+rsfs on input line 65.

(C:\Users\alexa\OneDrive\Bureau\Latex\tex\latex\jknappen\ursfs.fd
File: ursfs.fd 1998/03/24 rsfs font definition file (jk)
) [1

{C:/Users/alexa/AppData/Local/MiKTeX/2.9/pdftex/config/pdftex.map} <./Images/em
se_new.png>] (LADRIERE_Rapport_PCSN.toc

Package Fancyhdr Warning: \headheight is too small (12.0pt): 
 Make it at least 14.49998pt.
 We now make it that large for the rest of the document.
 This may cause the page layout to be inconsistent, however.

[2])
\tf@toc=\write3
\openout3 = `LADRIERE_Rapport_PCSN.toc'.

 [3] [4]
<Images/InvAESAlgorigramme.png, id=23, 700.86844pt x 490.83376pt>
File: Images/InvAESAlgorigramme.png Graphic file (type png)
<use Images/InvAESAlgorigramme.png>
Package pdftex.def Info: Images/InvAESAlgorigramme.png  used on input line 97.
(pdftex.def)             Requested size: 350.43336pt x 245.41628pt.
<Images/InvAESPseudoCode.png, id=24, 465.99094pt x 272.51813pt>
File: Images/InvAESPseudoCode.png Graphic file (type png)
<use Images/InvAESPseudoCode.png>
Package pdftex.def Info: Images/InvAESPseudoCode.png  used on input line 106.
(pdftex.def)             Requested size: 372.79324pt x 218.01479pt.
 [5 <./Images/InvAESAlgorigramme.png> <./Images/InvAESPseudoCode.png>]
<Images/InvSBox.png, id=31, 1027.58907pt x 529.22719pt>
File: Images/InvSBox.png Graphic file (type png)
<use Images/InvSBox.png>
Package pdftex.def Info: Images/InvSBox.png  used on input line 144.
(pdftex.def)             Requested size: 411.02835pt x 211.68712pt.
 [6]
<Images/InvSBoxEntity.png, id=38, 959.83594pt x 302.63063pt>
File: Images/InvSBoxEntity.png Graphic file (type png)
<use Images/InvSBoxEntity.png>
Package pdftex.def Info: Images/InvSBoxEntity.png  used on input line 154.
(pdftex.def)             Requested size: 287.953pt x 90.78989pt.
<Images/InvSBoxTb.png, id=39, 571.38469pt x 52.69687pt>
File: Images/InvSBoxTb.png Graphic file (type png)
<use Images/InvSBoxTb.png>
Package pdftex.def Info: Images/InvSBoxTb.png  used on input line 165.
(pdftex.def)             Requested size: 457.10837pt x 42.15753pt.

Overfull \hbox (1.86426pt too wide) in paragraph at lines 165--166
 [] 
 []

[7 <./Images/InvSBox.png> <./Images/InvSBoxEntity.png>]
<Images/InvSubBytesEntity.png, id=46, 969.6225pt x 162.6075pt>
File: Images/InvSubBytesEntity.png Graphic file (type png)
<use Images/InvSubBytesEntity.png>
Package pdftex.def Info: Images/InvSubBytesEntity.png  used on input line 179.
(pdftex.def)             Requested size: 387.84213pt x 65.04184pt.

Underfull \hbox (badness 10000) in paragraph at lines 188--205

 []

[8 <./Images/InvSBoxTb.png> <./Images/InvSubBytesEntity.png>]
Underfull \hbox (badness 10000) in paragraph at lines 207--224

 []

<Images/InvSubBytesTb.png, id=52, 651.18282pt x 60.225pt>
File: Images/InvSubBytesTb.png Graphic file (type png)
<use Images/InvSubBytesTb.png>
Package pdftex.def Info: Images/InvSubBytesTb.png  used on input line 228.
(pdftex.def)             Requested size: 455.82486pt x 42.1572pt.

Overfull \hbox (0.58075pt too wide) in paragraph at lines 228--229
 [] 
 []

<Images/InvAddRoundKeyEntity.png, id=53, 1075.01625pt x 143.78719pt>
File: Images/InvAddRoundKeyEntity.png Graphic file (type png)
<use Images/InvAddRoundKeyEntity.png>
Package pdftex.def Info: Images/InvAddRoundKeyEntity.png  used on input line 24
3.
(pdftex.def)             Requested size: 429.99889pt x 57.51385pt.
[9 <./Images/InvSubBytesTb.png>]
Underfull \hbox (badness 10000) in paragraph at lines 250--267

 []


Underfull \hbox (badness 10000) in paragraph at lines 288--305

 []

[10 <./Images/InvAddRoundKeyEntity.png>]
<Images/InvAddRoundKeyTb.png, id=62, 618.81187pt x 50.43843pt>
File: Images/InvAddRoundKeyTb.png Graphic file (type png)
<use Images/InvAddRoundKeyTb.png>
Package pdftex.def Info: Images/InvAddRoundKeyTb.png  used on input line 310.
(pdftex.def)             Requested size: 445.5442pt x 36.31563pt.
<Images/InvShiftRows.png, id=63, 426.09187pt x 194.97844pt>
File: Images/InvShiftRows.png Graphic file (type png)
<use Images/InvShiftRows.png>
Package pdftex.def Info: Images/InvShiftRows.png  used on input line 321.
(pdftex.def)             Requested size: 383.47913pt x 175.47896pt.
 [11 <./Images/InvAddRoundKeyTb.png> <./Images/InvShiftRows.png>]
<Images/InvShiftRowsEntity.png, id=69, 1084.05pt x 135.50626pt>
File: Images/InvShiftRowsEntity.png Graphic file (type png)
<use Images/InvShiftRowsEntity.png>
Package pdftex.def Info: Images/InvShiftRowsEntity.png  used on input line 332.

(pdftex.def)             Requested size: 433.61232pt x 54.20152pt.
<Images/InvShiftRowsTb.png, id=70, 601.4972pt x 31.61812pt>
File: Images/InvShiftRowsTb.png Graphic file (type png)
<use Images/InvShiftRowsTb.png>
Package pdftex.def Info: Images/InvShiftRowsTb.png  used on input line 380.
(pdftex.def)             Requested size: 445.11014pt x 23.3975pt.
 [12 <./Images/InvShiftRowsEntity.png>]
<Images/PrincipeInvMixColumns.png, id=75, 1005.00468pt x 214.55156pt>
File: Images/PrincipeInvMixColumns.png Graphic file (type png)
<use Images/PrincipeInvMixColumns.png>
Package pdftex.def Info: Images/PrincipeInvMixColumns.png  used on input line 3
91.
(pdftex.def)             Requested size: 401.99475pt x 85.81909pt.
<Images/InvMixOneColumnEntity.png, id=76, 1047.915pt x 170.88844pt>
File: Images/InvMixOneColumnEntity.png Graphic file (type png)
<use Images/InvMixOneColumnEntity.png>
Package pdftex.def Info: Images/InvMixOneColumnEntity.png  used on input line 4
08.
(pdftex.def)             Requested size: 419.15857pt x 68.35416pt.
 [13 <./Images/InvShiftRowsTb.png> <./Images/PrincipeInvMixColumns.png>]
Overfull \hbox (9.30072pt too wide) in paragraph at lines 413--414
[]\T1/cmr/m/n/12 Pour im-plé-men-ter cette trans-for-ma-tion, des si-gnaux in-t
er-mé-diaires de type \T1/cmr/m/it/12 co-lumn_state
 []

<Images/InvMixColumnsEntity.png, id=87, 1062.21844pt x 121.95563pt>
File: Images/InvMixColumnsEntity.png Graphic file (type png)
<use Images/InvMixColumnsEntity.png>
Package pdftex.def Info: Images/InvMixColumnsEntity.png  used on input line 424
.
(pdftex.def)             Requested size: 424.87985pt x 48.78137pt.
[14 <./Images/InvMixOneColumnEntity.png> <./Images/InvMixColumnsEntity.png>]
<Images/InvMixColumnsTb.png, id=93, 609.02531pt x 31.61812pt>
File: Images/InvMixColumnsTb.png Graphic file (type png)
<use Images/InvMixColumnsTb.png>
Package pdftex.def Info: Images/InvMixColumnsTb.png  used on input line 473.
(pdftex.def)             Requested size: 438.49788pt x 22.76501pt.

[15 <./Images/InvMixColumnsTb.png>]
<Images/FSMInvAESEntity.png, id=98, 548.80031pt x 277.035pt>
File: Images/FSMInvAESEntity.png Graphic file (type png)
<use Images/FSMInvAESEntity.png>
Package pdftex.def Info: Images/FSMInvAESEntity.png  used on input line 488.
(pdftex.def)             Requested size: 329.28271pt x 166.22227pt.

Underfull \hbox (badness 10000) in paragraph at lines 505--506

 []

<Images/FSMInvAES.png, id=99, 711.4078pt x 503.63156pt>
File: Images/FSMInvAES.png Graphic file (type png)
<use Images/FSMInvAES.png>
Package pdftex.def Info: Images/FSMInvAES.png  used on input line 510.
(pdftex.def)             Requested size: 426.84798pt x 302.18126pt.
[16 <./Images/FSMInvAESEntity.png>]
<Images/FSMInvAESTb.png, id=104, 700.86844pt x 84.315pt>
File: Images/FSMInvAESTb.png Graphic file (type png)
<use Images/FSMInvAESTb.png>
Package pdftex.def Info: Images/FSMInvAESTb.png  used on input line 533.
(pdftex.def)             Requested size: 448.55428pt x 53.9614pt.
 [17 <./Images/FSMInvAES.png>]
<Images/CounterEntity.png, id=109, 686.565pt x 130.98938pt>
File: Images/CounterEntity.png Graphic file (type png)
<use Images/CounterEntity.png>
Package pdftex.def Info: Images/CounterEntity.png  used on input line 546.
(pdftex.def)             Requested size: 343.28166pt x 65.49452pt.
<Images/CounterTb.png, id=110, 605.26125pt x 59.47218pt>
File: Images/CounterTb.png Graphic file (type png)
<use Images/CounterTb.png>
Package pdftex.def Info: Images/CounterTb.png  used on input line 558.
(pdftex.def)             Requested size: 423.67998pt x 41.63023pt.
 [18 <./Images/FSMInvAESTb.png> <./Images/CounterEntity.png>]
<Images/REGEntity.png, id=116, 867.99281pt x 224.33812pt>
File: Images/REGEntity.png Graphic file (type png)
<use Images/REGEntity.png>
Package pdftex.def Info: Images/REGEntity.png  used on input line 573.
(pdftex.def)             Requested size: 347.19098pt x 89.73366pt.
 [19 <./Images/CounterTb.png> <./Images/REGEntity.png>]
LaTeX Font Info:    Try loading font information for T1+lmtt on input line 595.


(C:\Users\alexa\OneDrive\Bureau\Latex\tex\latex\lm\t1lmtt.fd
File: t1lmtt.fd 2009/10/30 v1.6 Font defs for Latin Modern
)
Underfull \hbox (badness 10000) in paragraph at lines 605--606

 []


Underfull \hbox (badness 10000) in paragraph at lines 605--606

 []

[20]
<Images/InvAESRoundEntity.png, id=127, 1073.51062pt x 557.08125pt>
File: Images/InvAESRoundEntity.png Graphic file (type png)
<use Images/InvAESRoundEntity.png>
Package pdftex.def Info: Images/InvAESRoundEntity.png  used on input line 623.
(pdftex.def)             Requested size: 461.60057pt x 239.54027pt.

Overfull \hbox (6.35646pt too wide) in paragraph at lines 623--624
 [] 
 []

[21 <./Images/InvAESRoundEntity.png>]
<Images/InvAESRoundTb.png, id=132, 676.02562pt x 92.59593pt>
File: Images/InvAESRoundTb.png Graphic file (type png)
<use Images/InvAESRoundTb.png>
Package pdftex.def Info: Images/InvAESRoundTb.png  used on input line 692.
(pdftex.def)             Requested size: 459.69133pt x 62.96439pt.

Overfull \hbox (4.44722pt too wide) in paragraph at lines 692--693
 [] 
 []

[22 <./Images/InvAESRoundTb.png>]
<Images/InvAESEntity.png, id=137, 1390.44469pt x 335.75438pt>
File: Images/InvAESEntity.png Graphic file (type png)
<use Images/InvAESEntity.png>
Package pdftex.def Info: Images/InvAESEntity.png  used on input line 707.
(pdftex.def)             Requested size: 417.13663pt x 100.72708pt.
<Images/InvAESTb1.png, id=138, 548.0475pt x 144.54pt>
File: Images/InvAESTb1.png Graphic file (type png)
<use Images/InvAESTb1.png>
Package pdftex.def Info: Images/InvAESTb1.png  used on input line 721.
(pdftex.def)             Requested size: 372.66736pt x 98.28587pt.
 [23 <./Images/InvAESEntity.png>]
<Images/InvAESTb2.png, id=143, 549.55313pt x 146.04562pt>
File: Images/InvAESTb2.png Graphic file (type png)
<use Images/InvAESTb2.png>
Package pdftex.def Info: Images/InvAESTb2.png  used on input line 730.
(pdftex.def)             Requested size: 373.69118pt x 99.3097pt.
<Images/InvAESTb3.png, id=144, 521.69907pt x 145.29282pt>
File: Images/InvAESTb3.png Graphic file (type png)
<use Images/InvAESTb3.png>
Package pdftex.def Info: Images/InvAESTb3.png  used on input line 741.
(pdftex.def)             Requested size: 354.75067pt x 98.79779pt.
 [24 <./Images/InvAESTb1.png> <./Images/InvAESTb2.png> <./Images/InvAESTb3.png>
] [25]
(LADRIERE_Rapport_PCSN.lof)
\tf@lof=\write4
\openout4 = `LADRIERE_Rapport_PCSN.lof'.

 (LADRIERE_Rapport_PCSN.lot [26])
\tf@lot=\write5
\openout5 = `LADRIERE_Rapport_PCSN.lot'.



AED: lastpage setting LastPage
[27] (LADRIERE_Rapport_PCSN.aux)

LaTeX Warning: There were multiply-defined labels.

 ) 
Here is how much of TeX's memory you used:
 6631 strings out of 492970
 93305 string characters out of 3131915
 362537 words of memory out of 3000000
 10335 multiletter control sequences out of 15000+200000
 22036 words of font info for 63 fonts, out of 3000000 for 9000
 1141 hyphenation exceptions out of 8191
 41i,11n,43p,1274b,1158s stack positions out of 5000i,500n,10000p,200000b,50000s
{C:/Users/alexa/OneDrive/Bureau/Latex/fonts/enc/dvips/lm/lm-ec.enc} <C:\Users
\alexa\AppData\Local\MiKTeX\2.9\fonts\pk\ljfour\jknappen\ec\dpi600\ecbx1440.pk>
 <C:\Users\alexa\AppData\Local\MiKTeX\2.9\fonts\pk\ljfour\jknappen\ec\dpi600\ec
rm1000.pk> <C:\Users\alexa\AppData\Local\MiKTeX\2.9\fonts\pk\ljfour\jknappen\ec
\dpi600\ecbx1000.pk> <C:\Users\alexa\AppData\Local\MiKTeX\2.9\fonts\pk\ljfour\j
knappen\ec\dpi600\eccc1200.pk> <C:\Users\alexa\AppData\Local\MiKTeX\2.9\fonts\p
k\ljfour\jknappen\ec\dpi600\ecti1200.pk> <C:\Users\alexa\AppData\Local\MiKTeX\2
.9\fonts\pk\ljfour\jknappen\ec\dpi600\ecbx1200.pk> <C:\Users\alexa\AppData\Loca
l\MiKTeX\2.9\fonts\pk\ljfour\jknappen\ec\dpi600\ecbx1728.pk> <C:\Users\alexa\Ap
pData\Local\MiKTeX\2.9\fonts\pk\ljfour\jknappen\ec\dpi600\ecrm1200.pk> <C:\User
s\alexa\AppData\Local\MiKTeX\2.9\fonts\pk\ljfour\jknappen\ec\dpi600\ecrm1440.pk
> <C:\Users\alexa\AppData\Local\MiKTeX\2.9\fonts\pk\ljfour\jknappen\ec\dpi600\e
cbx2488.pk><C:/Users/alexa/OneDrive/Bureau/Latex/fonts/type1/public/amsfonts/cm
/cmmi12.pfb><C:/Users/alexa/OneDrive/Bureau/Latex/fonts/type1/public/amsfonts/c
m/cmr12.pfb><C:/Users/alexa/OneDrive/Bureau/Latex/fonts/type1/public/amsfonts/c
m/cmr8.pfb><C:/Users/alexa/OneDrive/Bureau/Latex/fonts/type1/public/amsfonts/cm
/cmsy10.pfb><C:/Users/alexa/OneDrive/Bureau/Latex/fonts/type1/public/lm/lmtt12.
pfb>
Output written on LADRIERE_Rapport_PCSN.pdf (27 pages, 906409 bytes).
PDF statistics:
 589 PDF objects out of 1000 (max. 8388607)
 0 named destinations out of 1000 (max. 500000)
 146 words of extra memory for PDF output out of 10000 (max. 10000000)

